<?xml version="1.0" encoding="UTF-8"?>
<!-- Generated by org.testng.reporters.JUnitXMLReporter -->
<testsuite ignored="0" hostname="PHANISON-ACER-SWIFT-3" failures="0" tests="6" name="Test" time="151.481" errors="0" timestamp="2021-03-22T17:10:45 IST">
  <testcase classname="com.qa.tests.Regression" name="test6" time="0.045"/>
  <testcase classname="com.qa.tests.Regression" name="test5" time="0.002"/>
  <testcase classname="com.qa.tests.Regression" name="test4" time="0.001"/>
  <testcase classname="com.qa.tests.BasicTest" name="test3" time="0.004"/>
  <testcase classname="com.qa.tests.BasicTest" name="test1" time="0.004"/>
  <testcase classname="com.qa.tests.BasicTest" name="test2" time="0.002"/>
</testsuite> <!-- Test -->
