<?xml version="1.0" encoding="UTF-8"?>
<testng-results ignored="0" total="6" passed="6" failed="0" skipped="0">
  <reporter-output>
  </reporter-output>
  <suite started-at="2021-03-22T17:08:13 IST" name="Suite" finished-at="2021-03-22T17:10:45 IST" duration-ms="151481">
    <groups>
    </groups>
    <test started-at="2021-03-22T17:08:13 IST" name="Test" finished-at="2021-03-22T17:10:45 IST" duration-ms="151481">
      <class name="com.qa.tests.Regression">
        <test-method is-config="true" signature="setup()[pri:0, instance:com.qa.tests.Regression@73a8da0f]" started-at="2021-03-22T17:08:13 IST" name="setup" finished-at="2021-03-22T17:10:38 IST" duration-ms="145189" status="PASS">
          <reporter-output>
          </reporter-output>
        </test-method> <!-- setup -->
        <test-method is-config="true" signature="setup()[pri:0, instance:com.qa.tests.Regression@73a8da0f]" started-at="2021-03-22T17:08:13 IST" name="setup" finished-at="2021-03-22T17:10:39 IST" duration-ms="146149" status="PASS">
          <reporter-output>
          </reporter-output>
        </test-method> <!-- setup -->
        <test-method is-config="true" signature="setup()[pri:0, instance:com.qa.tests.Regression@73a8da0f]" started-at="2021-03-22T17:08:13 IST" name="setup" finished-at="2021-03-22T17:10:38 IST" duration-ms="145250" status="PASS">
          <reporter-output>
          </reporter-output>
        </test-method> <!-- setup -->
        <test-method signature="test6()[pri:0, instance:com.qa.tests.Regression@73a8da0f]" started-at="2021-03-22T17:10:38 IST" name="test6" finished-at="2021-03-22T17:10:38 IST" duration-ms="45" status="PASS">
          <reporter-output>
          </reporter-output>
        </test-method> <!-- test6 -->
        <test-method is-config="true" signature="clean()[pri:0, instance:com.qa.tests.Regression@73a8da0f]" started-at="2021-03-22T17:10:38 IST" name="clean" finished-at="2021-03-22T17:10:39 IST" duration-ms="801" status="PASS">
          <reporter-output>
          </reporter-output>
        </test-method> <!-- clean -->
        <test-method signature="test5()[pri:0, instance:com.qa.tests.Regression@73a8da0f]" started-at="2021-03-22T17:10:38 IST" name="test5" finished-at="2021-03-22T17:10:38 IST" duration-ms="2" status="PASS">
          <reporter-output>
          </reporter-output>
        </test-method> <!-- test5 -->
        <test-method is-config="true" signature="clean()[pri:0, instance:com.qa.tests.Regression@73a8da0f]" started-at="2021-03-22T17:10:38 IST" name="clean" finished-at="2021-03-22T17:10:39 IST" duration-ms="791" status="PASS">
          <reporter-output>
          </reporter-output>
        </test-method> <!-- clean -->
        <test-method signature="test4()[pri:0, instance:com.qa.tests.Regression@73a8da0f]" started-at="2021-03-22T17:10:39 IST" name="test4" finished-at="2021-03-22T17:10:39 IST" duration-ms="1" status="PASS">
          <reporter-output>
          </reporter-output>
        </test-method> <!-- test4 -->
        <test-method is-config="true" signature="clean()[pri:0, instance:com.qa.tests.Regression@73a8da0f]" started-at="2021-03-22T17:10:39 IST" name="clean" finished-at="2021-03-22T17:10:44 IST" duration-ms="4731" status="PASS">
          <reporter-output>
          </reporter-output>
        </test-method> <!-- clean -->
      </class> <!-- com.qa.tests.Regression -->
      <class name="com.qa.tests.BasicTest">
        <test-method is-config="true" signature="setup()[pri:0, instance:com.qa.tests.BasicTest@10f7f7de]" started-at="2021-03-22T17:08:13 IST" name="setup" finished-at="2021-03-22T17:10:39 IST" duration-ms="146274" status="PASS">
          <reporter-output>
          </reporter-output>
        </test-method> <!-- setup -->
        <test-method is-config="true" signature="setup()[pri:0, instance:com.qa.tests.BasicTest@10f7f7de]" started-at="2021-03-22T17:08:13 IST" name="setup" finished-at="2021-03-22T17:10:40 IST" duration-ms="146637" status="PASS">
          <reporter-output>
          </reporter-output>
        </test-method> <!-- setup -->
        <test-method is-config="true" signature="setup()[pri:0, instance:com.qa.tests.BasicTest@10f7f7de]" started-at="2021-03-22T17:08:13 IST" name="setup" finished-at="2021-03-22T17:10:40 IST" duration-ms="146733" status="PASS">
          <reporter-output>
          </reporter-output>
        </test-method> <!-- setup -->
        <test-method signature="test3()[pri:0, instance:com.qa.tests.BasicTest@10f7f7de]" started-at="2021-03-22T17:10:39 IST" name="test3" finished-at="2021-03-22T17:10:39 IST" duration-ms="4" status="PASS">
          <reporter-output>
          </reporter-output>
        </test-method> <!-- test3 -->
        <test-method is-config="true" signature="clean()[pri:0, instance:com.qa.tests.BasicTest@10f7f7de]" started-at="2021-03-22T17:10:39 IST" name="clean" finished-at="2021-03-22T17:10:40 IST" duration-ms="999" status="PASS">
          <reporter-output>
          </reporter-output>
        </test-method> <!-- clean -->
        <test-method signature="test1()[pri:0, instance:com.qa.tests.BasicTest@10f7f7de]" started-at="2021-03-22T17:10:40 IST" name="test1" finished-at="2021-03-22T17:10:40 IST" duration-ms="4" status="PASS">
          <reporter-output>
          </reporter-output>
        </test-method> <!-- test1 -->
        <test-method is-config="true" signature="clean()[pri:0, instance:com.qa.tests.BasicTest@10f7f7de]" started-at="2021-03-22T17:10:40 IST" name="clean" finished-at="2021-03-22T17:10:45 IST" duration-ms="4774" status="PASS">
          <reporter-output>
          </reporter-output>
        </test-method> <!-- clean -->
        <test-method signature="test2()[pri:0, instance:com.qa.tests.BasicTest@10f7f7de]" started-at="2021-03-22T17:10:40 IST" name="test2" finished-at="2021-03-22T17:10:40 IST" duration-ms="2" status="PASS">
          <reporter-output>
          </reporter-output>
        </test-method> <!-- test2 -->
        <test-method is-config="true" signature="clean()[pri:0, instance:com.qa.tests.BasicTest@10f7f7de]" started-at="2021-03-22T17:10:40 IST" name="clean" finished-at="2021-03-22T17:10:45 IST" duration-ms="4712" status="PASS">
          <reporter-output>
          </reporter-output>
        </test-method> <!-- clean -->
      </class> <!-- com.qa.tests.BasicTest -->
    </test> <!-- Test -->
  </suite> <!-- Suite -->
</testng-results>
